[2025-06-29T09:45:25.917+0000] {local_task_job_runner.py:120} INFO - ::group::Pre task execution logs
[2025-06-29T09:45:25.939+0000] {taskinstance.py:2076} INFO - Dependencies all met for dep_context=non-requeueable deps ti=<TaskInstance: movie_data_pipeline.check_pipeline_status manual__2025-06-29T09:43:05.605523+00:00 [queued]>
[2025-06-29T09:45:25.946+0000] {taskinstance.py:2076} INFO - Dependencies all met for dep_context=requeueable deps ti=<TaskInstance: movie_data_pipeline.check_pipeline_status manual__2025-06-29T09:43:05.605523+00:00 [queued]>
[2025-06-29T09:45:25.946+0000] {taskinstance.py:2306} INFO - Starting attempt 1 of 3
[2025-06-29T09:45:25.955+0000] {taskinstance.py:2330} INFO - Executing <Task(BashOperator): check_pipeline_status> on 2025-06-29 09:43:05.605523+00:00
[2025-06-29T09:45:25.959+0000] {standard_task_runner.py:63} INFO - Started process 822 to run task
[2025-06-29T09:45:25.961+0000] {standard_task_runner.py:90} INFO - Running: ['***', 'tasks', 'run', 'movie_data_pipeline', 'check_pipeline_status', 'manual__2025-06-29T09:43:05.605523+00:00', '--job-id', '5', '--raw', '--subdir', 'DAGS_FOLDER/movie_data_pipeline_dag.py', '--cfg-path', '/tmp/tmpvg9yfkch']
[2025-06-29T09:45:25.963+0000] {standard_task_runner.py:91} INFO - Job 5: Subtask check_pipeline_status
[2025-06-29T09:45:25.997+0000] {task_command.py:426} INFO - Running <TaskInstance: movie_data_pipeline.check_pipeline_status manual__2025-06-29T09:43:05.605523+00:00 [running]> on host f170a500237d
[2025-06-29T09:45:26.056+0000] {taskinstance.py:2648} INFO - Exporting env vars: AIRFLOW_CTX_DAG_OWNER='mlops-team' AIRFLOW_CTX_DAG_ID='movie_data_pipeline' AIRFLOW_CTX_TASK_ID='check_pipeline_status' AIRFLOW_CTX_EXECUTION_DATE='2025-06-29T09:43:05.605523+00:00' AIRFLOW_CTX_TRY_NUMBER='1' AIRFLOW_CTX_DAG_RUN_ID='manual__2025-06-29T09:43:05.605523+00:00'
[2025-06-29T09:45:26.056+0000] {taskinstance.py:430} INFO - ::endgroup::
[2025-06-29T09:45:26.064+0000] {subprocess.py:63} INFO - Tmp dir root location: /tmp
[2025-06-29T09:45:26.065+0000] {subprocess.py:75} INFO - Running command: ['/usr/bin/bash', '-c', '\n    echo "=== Movie Data Pipeline Status ==="\n    echo "Pipeline completed at: $(date)"\n    echo "Checking data directory..."\n    ls -la /opt/***/data/raw/ || echo "Data directory not found"\n    echo "Pipeline execution finished successfully!"\n    ']
[2025-06-29T09:45:26.072+0000] {subprocess.py:86} INFO - Output:
[2025-06-29T09:45:26.074+0000] {subprocess.py:93} INFO - === Movie Data Pipeline Status ===
[2025-06-29T09:45:26.078+0000] {subprocess.py:93} INFO - Pipeline completed at: Sun Jun 29 09:45:26 UTC 2025
[2025-06-29T09:45:26.079+0000] {subprocess.py:93} INFO - Checking data directory...
[2025-06-29T09:45:26.081+0000] {subprocess.py:93} INFO - total 8
[2025-06-29T09:45:26.081+0000] {subprocess.py:93} INFO - drwxrwxr-x 2 default root 4096 Jun 29 09:45 .
[2025-06-29T09:45:26.081+0000] {subprocess.py:93} INFO - drwxrwxr-x 3 default root 4096 Jun 29 09:45 ..
[2025-06-29T09:45:26.082+0000] {subprocess.py:93} INFO - Pipeline execution finished successfully!
[2025-06-29T09:45:26.082+0000] {subprocess.py:97} INFO - Command exited with return code 0
[2025-06-29T09:45:26.082+0000] {taskinstance.py:441} INFO - ::group::Post task execution logs
[2025-06-29T09:45:26.101+0000] {taskinstance.py:1206} INFO - Marking task as SUCCESS. dag_id=movie_data_pipeline, task_id=check_pipeline_status, run_id=manual__2025-06-29T09:43:05.605523+00:00, execution_date=20250629T094305, start_date=20250629T094525, end_date=20250629T094526
[2025-06-29T09:45:26.134+0000] {local_task_job_runner.py:240} INFO - Task exited with return code 0
[2025-06-29T09:45:26.145+0000] {taskinstance.py:3503} INFO - 0 downstream tasks scheduled from follow-on schedule check
[2025-06-29T09:45:26.146+0000] {local_task_job_runner.py:222} INFO - ::endgroup::
