[2025-06-30T03:23:12.668+0000] {processor.py:161} INFO - Started process (PID=174) to work on /opt/airflow/dags/movie_data_pipeline_dag.py
[2025-06-30T03:23:12.669+0000] {processor.py:830} INFO - Processing file /opt/airflow/dags/movie_data_pipeline_dag.py for tasks to queue
[2025-06-30T03:23:12.672+0000] {logging_mixin.py:188} INFO - [2025-06-30T03:23:12.671+0000] {dagbag.py:545} INFO - Filling up the DagBag from /opt/airflow/dags/movie_data_pipeline_dag.py
[2025-06-30T03:23:13.684+0000] {processor.py:840} INFO - DAG(s) 'movie_data_pipeline' retrieved from /opt/airflow/dags/movie_data_pipeline_dag.py
[2025-06-30T03:23:13.708+0000] {logging_mixin.py:188} INFO - [2025-06-30T03:23:13.707+0000] {dag.py:3096} INFO - Sync 1 DAGs
[2025-06-30T03:23:13.749+0000] {processor.py:183} INFO - Processing /opt/airflow/dags/movie_data_pipeline_dag.py took 1.089 seconds
[2025-06-30T03:23:43.800+0000] {processor.py:161} INFO - Started process (PID=196) to work on /opt/airflow/dags/movie_data_pipeline_dag.py
[2025-06-30T03:23:43.801+0000] {processor.py:830} INFO - Processing file /opt/airflow/dags/movie_data_pipeline_dag.py for tasks to queue
[2025-06-30T03:23:43.804+0000] {logging_mixin.py:188} INFO - [2025-06-30T03:23:43.803+0000] {dagbag.py:545} INFO - Filling up the DagBag from /opt/airflow/dags/movie_data_pipeline_dag.py
[2025-06-30T03:23:44.023+0000] {processor.py:840} INFO - DAG(s) 'movie_data_pipeline' retrieved from /opt/airflow/dags/movie_data_pipeline_dag.py
[2025-06-30T03:23:44.163+0000] {logging_mixin.py:188} INFO - [2025-06-30T03:23:44.162+0000] {dag.py:3096} INFO - Sync 1 DAGs
[2025-06-30T03:23:44.193+0000] {processor.py:183} INFO - Processing /opt/airflow/dags/movie_data_pipeline_dag.py took 0.400 seconds
[2025-06-30T03:24:14.396+0000] {processor.py:161} INFO - Started process (PID=220) to work on /opt/airflow/dags/movie_data_pipeline_dag.py
[2025-06-30T03:24:14.398+0000] {processor.py:830} INFO - Processing file /opt/airflow/dags/movie_data_pipeline_dag.py for tasks to queue
[2025-06-30T03:24:14.399+0000] {logging_mixin.py:188} INFO - [2025-06-30T03:24:14.399+0000] {dagbag.py:545} INFO - Filling up the DagBag from /opt/airflow/dags/movie_data_pipeline_dag.py
[2025-06-30T03:24:14.621+0000] {processor.py:840} INFO - DAG(s) 'movie_data_pipeline' retrieved from /opt/airflow/dags/movie_data_pipeline_dag.py
[2025-06-30T03:24:14.650+0000] {logging_mixin.py:188} INFO - [2025-06-30T03:24:14.650+0000] {dag.py:3096} INFO - Sync 1 DAGs
[2025-06-30T03:24:14.684+0000] {processor.py:183} INFO - Processing /opt/airflow/dags/movie_data_pipeline_dag.py took 0.293 seconds
[2025-06-30T03:24:44.808+0000] {processor.py:161} INFO - Started process (PID=237) to work on /opt/airflow/dags/movie_data_pipeline_dag.py
[2025-06-30T03:24:44.811+0000] {processor.py:830} INFO - Processing file /opt/airflow/dags/movie_data_pipeline_dag.py for tasks to queue
[2025-06-30T03:24:44.813+0000] {logging_mixin.py:188} INFO - [2025-06-30T03:24:44.813+0000] {dagbag.py:545} INFO - Filling up the DagBag from /opt/airflow/dags/movie_data_pipeline_dag.py
[2025-06-30T03:24:45.027+0000] {processor.py:840} INFO - DAG(s) 'movie_data_pipeline' retrieved from /opt/airflow/dags/movie_data_pipeline_dag.py
[2025-06-30T03:24:45.050+0000] {logging_mixin.py:188} INFO - [2025-06-30T03:24:45.050+0000] {dag.py:3096} INFO - Sync 1 DAGs
[2025-06-30T03:24:45.082+0000] {processor.py:183} INFO - Processing /opt/airflow/dags/movie_data_pipeline_dag.py took 0.278 seconds
[2025-06-30T03:25:15.317+0000] {processor.py:161} INFO - Started process (PID=262) to work on /opt/airflow/dags/movie_data_pipeline_dag.py
[2025-06-30T03:25:15.318+0000] {processor.py:830} INFO - Processing file /opt/airflow/dags/movie_data_pipeline_dag.py for tasks to queue
[2025-06-30T03:25:15.319+0000] {logging_mixin.py:188} INFO - [2025-06-30T03:25:15.319+0000] {dagbag.py:545} INFO - Filling up the DagBag from /opt/airflow/dags/movie_data_pipeline_dag.py
[2025-06-30T03:25:15.519+0000] {processor.py:840} INFO - DAG(s) 'movie_data_pipeline' retrieved from /opt/airflow/dags/movie_data_pipeline_dag.py
[2025-06-30T03:25:15.541+0000] {logging_mixin.py:188} INFO - [2025-06-30T03:25:15.541+0000] {dag.py:3096} INFO - Sync 1 DAGs
[2025-06-30T03:25:15.573+0000] {processor.py:183} INFO - Processing /opt/airflow/dags/movie_data_pipeline_dag.py took 0.261 seconds
[2025-06-30T03:25:45.819+0000] {processor.py:161} INFO - Started process (PID=286) to work on /opt/airflow/dags/movie_data_pipeline_dag.py
[2025-06-30T03:25:45.821+0000] {processor.py:830} INFO - Processing file /opt/airflow/dags/movie_data_pipeline_dag.py for tasks to queue
[2025-06-30T03:25:45.823+0000] {logging_mixin.py:188} INFO - [2025-06-30T03:25:45.823+0000] {dagbag.py:545} INFO - Filling up the DagBag from /opt/airflow/dags/movie_data_pipeline_dag.py
[2025-06-30T03:25:46.036+0000] {processor.py:840} INFO - DAG(s) 'movie_data_pipeline' retrieved from /opt/airflow/dags/movie_data_pipeline_dag.py
[2025-06-30T03:25:46.058+0000] {logging_mixin.py:188} INFO - [2025-06-30T03:25:46.058+0000] {dag.py:3096} INFO - Sync 1 DAGs
[2025-06-30T03:25:46.089+0000] {processor.py:183} INFO - Processing /opt/airflow/dags/movie_data_pipeline_dag.py took 0.276 seconds
[2025-06-30T03:26:16.358+0000] {processor.py:161} INFO - Started process (PID=313) to work on /opt/airflow/dags/movie_data_pipeline_dag.py
[2025-06-30T03:26:16.360+0000] {processor.py:830} INFO - Processing file /opt/airflow/dags/movie_data_pipeline_dag.py for tasks to queue
[2025-06-30T03:26:16.362+0000] {logging_mixin.py:188} INFO - [2025-06-30T03:26:16.361+0000] {dagbag.py:545} INFO - Filling up the DagBag from /opt/airflow/dags/movie_data_pipeline_dag.py
[2025-06-30T03:26:16.545+0000] {processor.py:840} INFO - DAG(s) 'movie_data_pipeline' retrieved from /opt/airflow/dags/movie_data_pipeline_dag.py
[2025-06-30T03:26:16.564+0000] {logging_mixin.py:188} INFO - [2025-06-30T03:26:16.564+0000] {dag.py:3096} INFO - Sync 1 DAGs
[2025-06-30T03:26:16.579+0000] {logging_mixin.py:188} INFO - [2025-06-30T03:26:16.578+0000] {dag.py:3954} INFO - Setting next_dagrun for movie_data_pipeline to 2025-06-30 02:00:00+00:00, run_after=2025-07-01 02:00:00+00:00
[2025-06-30T03:26:16.595+0000] {processor.py:183} INFO - Processing /opt/airflow/dags/movie_data_pipeline_dag.py took 0.242 seconds
[2025-06-30T03:26:46.799+0000] {processor.py:161} INFO - Started process (PID=337) to work on /opt/airflow/dags/movie_data_pipeline_dag.py
[2025-06-30T03:26:46.801+0000] {processor.py:830} INFO - Processing file /opt/airflow/dags/movie_data_pipeline_dag.py for tasks to queue
[2025-06-30T03:26:46.804+0000] {logging_mixin.py:188} INFO - [2025-06-30T03:26:46.803+0000] {dagbag.py:545} INFO - Filling up the DagBag from /opt/airflow/dags/movie_data_pipeline_dag.py
[2025-06-30T03:26:47.002+0000] {processor.py:840} INFO - DAG(s) 'movie_data_pipeline' retrieved from /opt/airflow/dags/movie_data_pipeline_dag.py
[2025-06-30T03:26:47.024+0000] {logging_mixin.py:188} INFO - [2025-06-30T03:26:47.024+0000] {dag.py:3096} INFO - Sync 1 DAGs
[2025-06-30T03:26:47.039+0000] {logging_mixin.py:188} INFO - [2025-06-30T03:26:47.039+0000] {dag.py:3954} INFO - Setting next_dagrun for movie_data_pipeline to 2025-06-30 02:00:00+00:00, run_after=2025-07-01 02:00:00+00:00
[2025-06-30T03:26:47.055+0000] {processor.py:183} INFO - Processing /opt/airflow/dags/movie_data_pipeline_dag.py took 0.266 seconds
[2025-06-30T03:27:17.297+0000] {processor.py:161} INFO - Started process (PID=355) to work on /opt/airflow/dags/movie_data_pipeline_dag.py
[2025-06-30T03:27:17.299+0000] {processor.py:830} INFO - Processing file /opt/airflow/dags/movie_data_pipeline_dag.py for tasks to queue
[2025-06-30T03:27:17.300+0000] {logging_mixin.py:188} INFO - [2025-06-30T03:27:17.300+0000] {dagbag.py:545} INFO - Filling up the DagBag from /opt/airflow/dags/movie_data_pipeline_dag.py
[2025-06-30T03:27:17.485+0000] {processor.py:840} INFO - DAG(s) 'movie_data_pipeline' retrieved from /opt/airflow/dags/movie_data_pipeline_dag.py
[2025-06-30T03:27:17.506+0000] {logging_mixin.py:188} INFO - [2025-06-30T03:27:17.506+0000] {dag.py:3096} INFO - Sync 1 DAGs
[2025-06-30T03:27:17.520+0000] {logging_mixin.py:188} INFO - [2025-06-30T03:27:17.520+0000] {dag.py:3954} INFO - Setting next_dagrun for movie_data_pipeline to 2025-06-30 02:00:00+00:00, run_after=2025-07-01 02:00:00+00:00
[2025-06-30T03:27:17.534+0000] {processor.py:183} INFO - Processing /opt/airflow/dags/movie_data_pipeline_dag.py took 0.242 seconds
[2025-06-30T03:27:47.782+0000] {processor.py:161} INFO - Started process (PID=379) to work on /opt/airflow/dags/movie_data_pipeline_dag.py
[2025-06-30T03:27:47.784+0000] {processor.py:830} INFO - Processing file /opt/airflow/dags/movie_data_pipeline_dag.py for tasks to queue
[2025-06-30T03:27:47.786+0000] {logging_mixin.py:188} INFO - [2025-06-30T03:27:47.785+0000] {dagbag.py:545} INFO - Filling up the DagBag from /opt/airflow/dags/movie_data_pipeline_dag.py
[2025-06-30T03:27:47.969+0000] {processor.py:840} INFO - DAG(s) 'movie_data_pipeline' retrieved from /opt/airflow/dags/movie_data_pipeline_dag.py
[2025-06-30T03:27:47.989+0000] {logging_mixin.py:188} INFO - [2025-06-30T03:27:47.988+0000] {dag.py:3096} INFO - Sync 1 DAGs
[2025-06-30T03:27:48.002+0000] {logging_mixin.py:188} INFO - [2025-06-30T03:27:48.002+0000] {dag.py:3954} INFO - Setting next_dagrun for movie_data_pipeline to 2025-06-30 02:00:00+00:00, run_after=2025-07-01 02:00:00+00:00
[2025-06-30T03:27:48.019+0000] {processor.py:183} INFO - Processing /opt/airflow/dags/movie_data_pipeline_dag.py took 0.242 seconds
[2025-06-30T03:28:18.246+0000] {processor.py:161} INFO - Started process (PID=397) to work on /opt/airflow/dags/movie_data_pipeline_dag.py
[2025-06-30T03:28:18.248+0000] {processor.py:830} INFO - Processing file /opt/airflow/dags/movie_data_pipeline_dag.py for tasks to queue
[2025-06-30T03:28:18.250+0000] {logging_mixin.py:188} INFO - [2025-06-30T03:28:18.250+0000] {dagbag.py:545} INFO - Filling up the DagBag from /opt/airflow/dags/movie_data_pipeline_dag.py
[2025-06-30T03:28:18.470+0000] {processor.py:840} INFO - DAG(s) 'movie_data_pipeline' retrieved from /opt/airflow/dags/movie_data_pipeline_dag.py
[2025-06-30T03:28:18.491+0000] {logging_mixin.py:188} INFO - [2025-06-30T03:28:18.491+0000] {dag.py:3096} INFO - Sync 1 DAGs
[2025-06-30T03:28:18.509+0000] {logging_mixin.py:188} INFO - [2025-06-30T03:28:18.509+0000] {dag.py:3954} INFO - Setting next_dagrun for movie_data_pipeline to 2025-06-30 02:00:00+00:00, run_after=2025-07-01 02:00:00+00:00
[2025-06-30T03:28:18.528+0000] {processor.py:183} INFO - Processing /opt/airflow/dags/movie_data_pipeline_dag.py took 0.287 seconds
[2025-06-30T03:28:48.755+0000] {processor.py:161} INFO - Started process (PID=421) to work on /opt/airflow/dags/movie_data_pipeline_dag.py
[2025-06-30T03:28:48.757+0000] {processor.py:830} INFO - Processing file /opt/airflow/dags/movie_data_pipeline_dag.py for tasks to queue
[2025-06-30T03:28:48.758+0000] {logging_mixin.py:188} INFO - [2025-06-30T03:28:48.758+0000] {dagbag.py:545} INFO - Filling up the DagBag from /opt/airflow/dags/movie_data_pipeline_dag.py
[2025-06-30T03:28:48.970+0000] {processor.py:840} INFO - DAG(s) 'movie_data_pipeline' retrieved from /opt/airflow/dags/movie_data_pipeline_dag.py
[2025-06-30T03:28:48.992+0000] {logging_mixin.py:188} INFO - [2025-06-30T03:28:48.992+0000] {dag.py:3096} INFO - Sync 1 DAGs
[2025-06-30T03:28:49.010+0000] {logging_mixin.py:188} INFO - [2025-06-30T03:28:49.009+0000] {dag.py:3954} INFO - Setting next_dagrun for movie_data_pipeline to 2025-06-30 02:00:00+00:00, run_after=2025-07-01 02:00:00+00:00
[2025-06-30T03:28:49.028+0000] {processor.py:183} INFO - Processing /opt/airflow/dags/movie_data_pipeline_dag.py took 0.279 seconds
[2025-06-30T03:29:19.246+0000] {processor.py:161} INFO - Started process (PID=445) to work on /opt/airflow/dags/movie_data_pipeline_dag.py
[2025-06-30T03:29:19.247+0000] {processor.py:830} INFO - Processing file /opt/airflow/dags/movie_data_pipeline_dag.py for tasks to queue
[2025-06-30T03:29:19.249+0000] {logging_mixin.py:188} INFO - [2025-06-30T03:29:19.249+0000] {dagbag.py:545} INFO - Filling up the DagBag from /opt/airflow/dags/movie_data_pipeline_dag.py
[2025-06-30T03:29:19.511+0000] {processor.py:840} INFO - DAG(s) 'movie_data_pipeline' retrieved from /opt/airflow/dags/movie_data_pipeline_dag.py
[2025-06-30T03:29:19.538+0000] {logging_mixin.py:188} INFO - [2025-06-30T03:29:19.538+0000] {dag.py:3096} INFO - Sync 1 DAGs
[2025-06-30T03:29:19.561+0000] {logging_mixin.py:188} INFO - [2025-06-30T03:29:19.561+0000] {dag.py:3954} INFO - Setting next_dagrun for movie_data_pipeline to 2025-06-30 02:00:00+00:00, run_after=2025-07-01 02:00:00+00:00
[2025-06-30T03:29:19.585+0000] {processor.py:183} INFO - Processing /opt/airflow/dags/movie_data_pipeline_dag.py took 0.347 seconds
[2025-06-30T03:29:49.792+0000] {processor.py:161} INFO - Started process (PID=463) to work on /opt/airflow/dags/movie_data_pipeline_dag.py
[2025-06-30T03:29:49.795+0000] {processor.py:830} INFO - Processing file /opt/airflow/dags/movie_data_pipeline_dag.py for tasks to queue
[2025-06-30T03:29:49.797+0000] {logging_mixin.py:188} INFO - [2025-06-30T03:29:49.796+0000] {dagbag.py:545} INFO - Filling up the DagBag from /opt/airflow/dags/movie_data_pipeline_dag.py
[2025-06-30T03:29:50.004+0000] {processor.py:840} INFO - DAG(s) 'movie_data_pipeline' retrieved from /opt/airflow/dags/movie_data_pipeline_dag.py
[2025-06-30T03:29:50.027+0000] {logging_mixin.py:188} INFO - [2025-06-30T03:29:50.027+0000] {dag.py:3096} INFO - Sync 1 DAGs
[2025-06-30T03:29:50.044+0000] {logging_mixin.py:188} INFO - [2025-06-30T03:29:50.044+0000] {dag.py:3954} INFO - Setting next_dagrun for movie_data_pipeline to 2025-06-30 02:00:00+00:00, run_after=2025-07-01 02:00:00+00:00
[2025-06-30T03:29:50.062+0000] {processor.py:183} INFO - Processing /opt/airflow/dags/movie_data_pipeline_dag.py took 0.275 seconds
[2025-06-30T03:30:20.282+0000] {processor.py:161} INFO - Started process (PID=488) to work on /opt/airflow/dags/movie_data_pipeline_dag.py
[2025-06-30T03:30:20.283+0000] {processor.py:830} INFO - Processing file /opt/airflow/dags/movie_data_pipeline_dag.py for tasks to queue
[2025-06-30T03:30:20.285+0000] {logging_mixin.py:188} INFO - [2025-06-30T03:30:20.285+0000] {dagbag.py:545} INFO - Filling up the DagBag from /opt/airflow/dags/movie_data_pipeline_dag.py
[2025-06-30T03:30:20.579+0000] {processor.py:840} INFO - DAG(s) 'movie_data_pipeline' retrieved from /opt/airflow/dags/movie_data_pipeline_dag.py
[2025-06-30T03:30:20.605+0000] {logging_mixin.py:188} INFO - [2025-06-30T03:30:20.605+0000] {dag.py:3096} INFO - Sync 1 DAGs
[2025-06-30T03:30:20.625+0000] {logging_mixin.py:188} INFO - [2025-06-30T03:30:20.625+0000] {dag.py:3954} INFO - Setting next_dagrun for movie_data_pipeline to 2025-06-30 02:00:00+00:00, run_after=2025-07-01 02:00:00+00:00
[2025-06-30T03:30:20.644+0000] {processor.py:183} INFO - Processing /opt/airflow/dags/movie_data_pipeline_dag.py took 0.370 seconds
[2025-06-30T03:30:50.874+0000] {processor.py:161} INFO - Started process (PID=506) to work on /opt/airflow/dags/movie_data_pipeline_dag.py
[2025-06-30T03:30:50.875+0000] {processor.py:830} INFO - Processing file /opt/airflow/dags/movie_data_pipeline_dag.py for tasks to queue
[2025-06-30T03:30:50.877+0000] {logging_mixin.py:188} INFO - [2025-06-30T03:30:50.877+0000] {dagbag.py:545} INFO - Filling up the DagBag from /opt/airflow/dags/movie_data_pipeline_dag.py
[2025-06-30T03:30:51.092+0000] {processor.py:840} INFO - DAG(s) 'movie_data_pipeline' retrieved from /opt/airflow/dags/movie_data_pipeline_dag.py
[2025-06-30T03:30:51.115+0000] {logging_mixin.py:188} INFO - [2025-06-30T03:30:51.115+0000] {dag.py:3096} INFO - Sync 1 DAGs
[2025-06-30T03:30:51.132+0000] {logging_mixin.py:188} INFO - [2025-06-30T03:30:51.132+0000] {dag.py:3954} INFO - Setting next_dagrun for movie_data_pipeline to 2025-06-30 02:00:00+00:00, run_after=2025-07-01 02:00:00+00:00
[2025-06-30T03:30:51.151+0000] {processor.py:183} INFO - Processing /opt/airflow/dags/movie_data_pipeline_dag.py took 0.284 seconds
[2025-06-30T03:31:21.373+0000] {processor.py:161} INFO - Started process (PID=530) to work on /opt/airflow/dags/movie_data_pipeline_dag.py
[2025-06-30T03:31:21.375+0000] {processor.py:830} INFO - Processing file /opt/airflow/dags/movie_data_pipeline_dag.py for tasks to queue
[2025-06-30T03:31:21.378+0000] {logging_mixin.py:188} INFO - [2025-06-30T03:31:21.377+0000] {dagbag.py:545} INFO - Filling up the DagBag from /opt/airflow/dags/movie_data_pipeline_dag.py
[2025-06-30T03:31:21.670+0000] {processor.py:840} INFO - DAG(s) 'movie_data_pipeline' retrieved from /opt/airflow/dags/movie_data_pipeline_dag.py
[2025-06-30T03:31:21.703+0000] {logging_mixin.py:188} INFO - [2025-06-30T03:31:21.702+0000] {dag.py:3096} INFO - Sync 1 DAGs
[2025-06-30T03:31:21.729+0000] {logging_mixin.py:188} INFO - [2025-06-30T03:31:21.728+0000] {dag.py:3954} INFO - Setting next_dagrun for movie_data_pipeline to 2025-06-30 02:00:00+00:00, run_after=2025-07-01 02:00:00+00:00
[2025-06-30T03:31:21.752+0000] {processor.py:183} INFO - Processing /opt/airflow/dags/movie_data_pipeline_dag.py took 0.385 seconds
[2025-06-30T03:31:51.991+0000] {processor.py:161} INFO - Started process (PID=548) to work on /opt/airflow/dags/movie_data_pipeline_dag.py
[2025-06-30T03:31:51.993+0000] {processor.py:830} INFO - Processing file /opt/airflow/dags/movie_data_pipeline_dag.py for tasks to queue
[2025-06-30T03:31:51.995+0000] {logging_mixin.py:188} INFO - [2025-06-30T03:31:51.995+0000] {dagbag.py:545} INFO - Filling up the DagBag from /opt/airflow/dags/movie_data_pipeline_dag.py
[2025-06-30T03:31:52.221+0000] {processor.py:840} INFO - DAG(s) 'movie_data_pipeline' retrieved from /opt/airflow/dags/movie_data_pipeline_dag.py
[2025-06-30T03:31:52.244+0000] {logging_mixin.py:188} INFO - [2025-06-30T03:31:52.244+0000] {dag.py:3096} INFO - Sync 1 DAGs
[2025-06-30T03:31:52.262+0000] {logging_mixin.py:188} INFO - [2025-06-30T03:31:52.262+0000] {dag.py:3954} INFO - Setting next_dagrun for movie_data_pipeline to 2025-06-30 02:00:00+00:00, run_after=2025-07-01 02:00:00+00:00
[2025-06-30T03:31:52.278+0000] {processor.py:183} INFO - Processing /opt/airflow/dags/movie_data_pipeline_dag.py took 0.293 seconds
[2025-06-30T03:32:22.513+0000] {processor.py:161} INFO - Started process (PID=572) to work on /opt/airflow/dags/movie_data_pipeline_dag.py
[2025-06-30T03:32:22.515+0000] {processor.py:830} INFO - Processing file /opt/airflow/dags/movie_data_pipeline_dag.py for tasks to queue
[2025-06-30T03:32:22.517+0000] {logging_mixin.py:188} INFO - [2025-06-30T03:32:22.516+0000] {dagbag.py:545} INFO - Filling up the DagBag from /opt/airflow/dags/movie_data_pipeline_dag.py
[2025-06-30T03:32:22.732+0000] {processor.py:840} INFO - DAG(s) 'movie_data_pipeline' retrieved from /opt/airflow/dags/movie_data_pipeline_dag.py
[2025-06-30T03:32:22.763+0000] {logging_mixin.py:188} INFO - [2025-06-30T03:32:22.763+0000] {dag.py:3096} INFO - Sync 1 DAGs
[2025-06-30T03:32:22.783+0000] {logging_mixin.py:188} INFO - [2025-06-30T03:32:22.783+0000] {dag.py:3954} INFO - Setting next_dagrun for movie_data_pipeline to 2025-06-30 02:00:00+00:00, run_after=2025-07-01 02:00:00+00:00
[2025-06-30T03:32:22.802+0000] {processor.py:183} INFO - Processing /opt/airflow/dags/movie_data_pipeline_dag.py took 0.294 seconds
[2025-06-30T03:32:53.021+0000] {processor.py:161} INFO - Started process (PID=590) to work on /opt/airflow/dags/movie_data_pipeline_dag.py
[2025-06-30T03:32:53.024+0000] {processor.py:830} INFO - Processing file /opt/airflow/dags/movie_data_pipeline_dag.py for tasks to queue
[2025-06-30T03:32:53.025+0000] {logging_mixin.py:188} INFO - [2025-06-30T03:32:53.025+0000] {dagbag.py:545} INFO - Filling up the DagBag from /opt/airflow/dags/movie_data_pipeline_dag.py
[2025-06-30T03:32:53.231+0000] {processor.py:840} INFO - DAG(s) 'movie_data_pipeline' retrieved from /opt/airflow/dags/movie_data_pipeline_dag.py
[2025-06-30T03:32:53.256+0000] {logging_mixin.py:188} INFO - [2025-06-30T03:32:53.255+0000] {dag.py:3096} INFO - Sync 1 DAGs
[2025-06-30T03:32:53.274+0000] {logging_mixin.py:188} INFO - [2025-06-30T03:32:53.274+0000] {dag.py:3954} INFO - Setting next_dagrun for movie_data_pipeline to 2025-06-30 02:00:00+00:00, run_after=2025-07-01 02:00:00+00:00
[2025-06-30T03:32:53.292+0000] {processor.py:183} INFO - Processing /opt/airflow/dags/movie_data_pipeline_dag.py took 0.277 seconds
[2025-06-30T03:33:23.513+0000] {processor.py:161} INFO - Started process (PID=614) to work on /opt/airflow/dags/movie_data_pipeline_dag.py
[2025-06-30T03:33:23.514+0000] {processor.py:830} INFO - Processing file /opt/airflow/dags/movie_data_pipeline_dag.py for tasks to queue
[2025-06-30T03:33:23.515+0000] {logging_mixin.py:188} INFO - [2025-06-30T03:33:23.515+0000] {dagbag.py:545} INFO - Filling up the DagBag from /opt/airflow/dags/movie_data_pipeline_dag.py
[2025-06-30T03:33:23.987+0000] {processor.py:840} INFO - DAG(s) 'movie_data_pipeline' retrieved from /opt/airflow/dags/movie_data_pipeline_dag.py
[2025-06-30T03:33:24.019+0000] {logging_mixin.py:188} INFO - [2025-06-30T03:33:24.019+0000] {dag.py:3096} INFO - Sync 1 DAGs
[2025-06-30T03:33:24.041+0000] {logging_mixin.py:188} INFO - [2025-06-30T03:33:24.041+0000] {dag.py:3954} INFO - Setting next_dagrun for movie_data_pipeline to 2025-06-30 02:00:00+00:00, run_after=2025-07-01 02:00:00+00:00
[2025-06-30T03:33:24.064+0000] {processor.py:183} INFO - Processing /opt/airflow/dags/movie_data_pipeline_dag.py took 0.557 seconds
[2025-06-30T03:33:54.317+0000] {processor.py:161} INFO - Started process (PID=638) to work on /opt/airflow/dags/movie_data_pipeline_dag.py
[2025-06-30T03:33:54.319+0000] {processor.py:830} INFO - Processing file /opt/airflow/dags/movie_data_pipeline_dag.py for tasks to queue
[2025-06-30T03:33:54.322+0000] {logging_mixin.py:188} INFO - [2025-06-30T03:33:54.321+0000] {dagbag.py:545} INFO - Filling up the DagBag from /opt/airflow/dags/movie_data_pipeline_dag.py
[2025-06-30T03:33:54.570+0000] {processor.py:840} INFO - DAG(s) 'movie_data_pipeline' retrieved from /opt/airflow/dags/movie_data_pipeline_dag.py
[2025-06-30T03:33:54.597+0000] {logging_mixin.py:188} INFO - [2025-06-30T03:33:54.597+0000] {dag.py:3096} INFO - Sync 1 DAGs
[2025-06-30T03:33:54.621+0000] {logging_mixin.py:188} INFO - [2025-06-30T03:33:54.621+0000] {dag.py:3954} INFO - Setting next_dagrun for movie_data_pipeline to 2025-06-30 02:00:00+00:00, run_after=2025-07-01 02:00:00+00:00
[2025-06-30T03:33:54.653+0000] {processor.py:183} INFO - Processing /opt/airflow/dags/movie_data_pipeline_dag.py took 0.341 seconds
[2025-06-30T03:34:24.902+0000] {processor.py:161} INFO - Started process (PID=656) to work on /opt/airflow/dags/movie_data_pipeline_dag.py
[2025-06-30T03:34:24.903+0000] {processor.py:830} INFO - Processing file /opt/airflow/dags/movie_data_pipeline_dag.py for tasks to queue
[2025-06-30T03:34:24.904+0000] {logging_mixin.py:188} INFO - [2025-06-30T03:34:24.904+0000] {dagbag.py:545} INFO - Filling up the DagBag from /opt/airflow/dags/movie_data_pipeline_dag.py
[2025-06-30T03:34:25.119+0000] {processor.py:840} INFO - DAG(s) 'movie_data_pipeline' retrieved from /opt/airflow/dags/movie_data_pipeline_dag.py
[2025-06-30T03:34:25.146+0000] {logging_mixin.py:188} INFO - [2025-06-30T03:34:25.145+0000] {dag.py:3096} INFO - Sync 1 DAGs
[2025-06-30T03:34:25.163+0000] {logging_mixin.py:188} INFO - [2025-06-30T03:34:25.163+0000] {dag.py:3954} INFO - Setting next_dagrun for movie_data_pipeline to 2025-06-30 02:00:00+00:00, run_after=2025-07-01 02:00:00+00:00
[2025-06-30T03:34:25.183+0000] {processor.py:183} INFO - Processing /opt/airflow/dags/movie_data_pipeline_dag.py took 0.287 seconds
[2025-06-30T03:34:55.433+0000] {processor.py:161} INFO - Started process (PID=680) to work on /opt/airflow/dags/movie_data_pipeline_dag.py
[2025-06-30T03:34:55.434+0000] {processor.py:830} INFO - Processing file /opt/airflow/dags/movie_data_pipeline_dag.py for tasks to queue
[2025-06-30T03:34:55.436+0000] {logging_mixin.py:188} INFO - [2025-06-30T03:34:55.436+0000] {dagbag.py:545} INFO - Filling up the DagBag from /opt/airflow/dags/movie_data_pipeline_dag.py
[2025-06-30T03:34:55.678+0000] {processor.py:840} INFO - DAG(s) 'movie_data_pipeline' retrieved from /opt/airflow/dags/movie_data_pipeline_dag.py
[2025-06-30T03:34:55.705+0000] {logging_mixin.py:188} INFO - [2025-06-30T03:34:55.705+0000] {dag.py:3096} INFO - Sync 1 DAGs
[2025-06-30T03:34:55.725+0000] {logging_mixin.py:188} INFO - [2025-06-30T03:34:55.724+0000] {dag.py:3954} INFO - Setting next_dagrun for movie_data_pipeline to 2025-06-30 02:00:00+00:00, run_after=2025-07-01 02:00:00+00:00
[2025-06-30T03:34:55.744+0000] {processor.py:183} INFO - Processing /opt/airflow/dags/movie_data_pipeline_dag.py took 0.318 seconds
[2025-06-30T03:35:25.958+0000] {processor.py:161} INFO - Started process (PID=698) to work on /opt/airflow/dags/movie_data_pipeline_dag.py
[2025-06-30T03:35:25.966+0000] {processor.py:830} INFO - Processing file /opt/airflow/dags/movie_data_pipeline_dag.py for tasks to queue
[2025-06-30T03:35:25.967+0000] {logging_mixin.py:188} INFO - [2025-06-30T03:35:25.967+0000] {dagbag.py:545} INFO - Filling up the DagBag from /opt/airflow/dags/movie_data_pipeline_dag.py
[2025-06-30T03:35:26.188+0000] {processor.py:840} INFO - DAG(s) 'movie_data_pipeline' retrieved from /opt/airflow/dags/movie_data_pipeline_dag.py
[2025-06-30T03:35:26.212+0000] {logging_mixin.py:188} INFO - [2025-06-30T03:35:26.212+0000] {dag.py:3096} INFO - Sync 1 DAGs
[2025-06-30T03:35:26.231+0000] {logging_mixin.py:188} INFO - [2025-06-30T03:35:26.231+0000] {dag.py:3954} INFO - Setting next_dagrun for movie_data_pipeline to 2025-06-30 02:00:00+00:00, run_after=2025-07-01 02:00:00+00:00
[2025-06-30T03:35:26.250+0000] {processor.py:183} INFO - Processing /opt/airflow/dags/movie_data_pipeline_dag.py took 0.296 seconds
[2025-06-30T03:35:56.472+0000] {processor.py:161} INFO - Started process (PID=722) to work on /opt/airflow/dags/movie_data_pipeline_dag.py
[2025-06-30T03:35:56.475+0000] {processor.py:830} INFO - Processing file /opt/airflow/dags/movie_data_pipeline_dag.py for tasks to queue
[2025-06-30T03:35:56.477+0000] {logging_mixin.py:188} INFO - [2025-06-30T03:35:56.476+0000] {dagbag.py:545} INFO - Filling up the DagBag from /opt/airflow/dags/movie_data_pipeline_dag.py
[2025-06-30T03:35:56.703+0000] {processor.py:840} INFO - DAG(s) 'movie_data_pipeline' retrieved from /opt/airflow/dags/movie_data_pipeline_dag.py
[2025-06-30T03:35:56.728+0000] {logging_mixin.py:188} INFO - [2025-06-30T03:35:56.727+0000] {dag.py:3096} INFO - Sync 1 DAGs
[2025-06-30T03:35:56.745+0000] {logging_mixin.py:188} INFO - [2025-06-30T03:35:56.745+0000] {dag.py:3954} INFO - Setting next_dagrun for movie_data_pipeline to 2025-06-30 02:00:00+00:00, run_after=2025-07-01 02:00:00+00:00
[2025-06-30T03:35:56.762+0000] {processor.py:183} INFO - Processing /opt/airflow/dags/movie_data_pipeline_dag.py took 0.295 seconds
[2025-06-30T03:36:27.036+0000] {processor.py:161} INFO - Started process (PID=740) to work on /opt/airflow/dags/movie_data_pipeline_dag.py
[2025-06-30T03:36:27.038+0000] {processor.py:830} INFO - Processing file /opt/airflow/dags/movie_data_pipeline_dag.py for tasks to queue
[2025-06-30T03:36:27.041+0000] {logging_mixin.py:188} INFO - [2025-06-30T03:36:27.040+0000] {dagbag.py:545} INFO - Filling up the DagBag from /opt/airflow/dags/movie_data_pipeline_dag.py
[2025-06-30T03:36:27.293+0000] {processor.py:840} INFO - DAG(s) 'movie_data_pipeline' retrieved from /opt/airflow/dags/movie_data_pipeline_dag.py
[2025-06-30T03:36:27.321+0000] {logging_mixin.py:188} INFO - [2025-06-30T03:36:27.321+0000] {dag.py:3096} INFO - Sync 1 DAGs
[2025-06-30T03:36:27.341+0000] {logging_mixin.py:188} INFO - [2025-06-30T03:36:27.340+0000] {dag.py:3954} INFO - Setting next_dagrun for movie_data_pipeline to 2025-06-30 02:00:00+00:00, run_after=2025-07-01 02:00:00+00:00
[2025-06-30T03:36:27.358+0000] {processor.py:183} INFO - Processing /opt/airflow/dags/movie_data_pipeline_dag.py took 0.330 seconds
[2025-06-30T03:36:57.602+0000] {processor.py:161} INFO - Started process (PID=764) to work on /opt/airflow/dags/movie_data_pipeline_dag.py
[2025-06-30T03:36:57.604+0000] {processor.py:830} INFO - Processing file /opt/airflow/dags/movie_data_pipeline_dag.py for tasks to queue
[2025-06-30T03:36:57.605+0000] {logging_mixin.py:188} INFO - [2025-06-30T03:36:57.605+0000] {dagbag.py:545} INFO - Filling up the DagBag from /opt/airflow/dags/movie_data_pipeline_dag.py
[2025-06-30T03:36:57.849+0000] {processor.py:840} INFO - DAG(s) 'movie_data_pipeline' retrieved from /opt/airflow/dags/movie_data_pipeline_dag.py
[2025-06-30T03:36:57.876+0000] {logging_mixin.py:188} INFO - [2025-06-30T03:36:57.876+0000] {dag.py:3096} INFO - Sync 1 DAGs
[2025-06-30T03:36:57.894+0000] {logging_mixin.py:188} INFO - [2025-06-30T03:36:57.893+0000] {dag.py:3954} INFO - Setting next_dagrun for movie_data_pipeline to 2025-06-30 02:00:00+00:00, run_after=2025-07-01 02:00:00+00:00
[2025-06-30T03:36:57.910+0000] {processor.py:183} INFO - Processing /opt/airflow/dags/movie_data_pipeline_dag.py took 0.314 seconds
[2025-06-30T03:37:28.152+0000] {processor.py:161} INFO - Started process (PID=782) to work on /opt/airflow/dags/movie_data_pipeline_dag.py
[2025-06-30T03:37:28.154+0000] {processor.py:830} INFO - Processing file /opt/airflow/dags/movie_data_pipeline_dag.py for tasks to queue
[2025-06-30T03:37:28.155+0000] {logging_mixin.py:188} INFO - [2025-06-30T03:37:28.155+0000] {dagbag.py:545} INFO - Filling up the DagBag from /opt/airflow/dags/movie_data_pipeline_dag.py
[2025-06-30T03:37:28.382+0000] {processor.py:840} INFO - DAG(s) 'movie_data_pipeline' retrieved from /opt/airflow/dags/movie_data_pipeline_dag.py
[2025-06-30T03:37:28.406+0000] {logging_mixin.py:188} INFO - [2025-06-30T03:37:28.406+0000] {dag.py:3096} INFO - Sync 1 DAGs
[2025-06-30T03:37:28.424+0000] {logging_mixin.py:188} INFO - [2025-06-30T03:37:28.423+0000] {dag.py:3954} INFO - Setting next_dagrun for movie_data_pipeline to 2025-06-30 02:00:00+00:00, run_after=2025-07-01 02:00:00+00:00
[2025-06-30T03:37:28.441+0000] {processor.py:183} INFO - Processing /opt/airflow/dags/movie_data_pipeline_dag.py took 0.294 seconds
[2025-06-30T03:37:58.696+0000] {processor.py:161} INFO - Started process (PID=806) to work on /opt/airflow/dags/movie_data_pipeline_dag.py
[2025-06-30T03:37:58.698+0000] {processor.py:830} INFO - Processing file /opt/airflow/dags/movie_data_pipeline_dag.py for tasks to queue
[2025-06-30T03:37:58.701+0000] {logging_mixin.py:188} INFO - [2025-06-30T03:37:58.700+0000] {dagbag.py:545} INFO - Filling up the DagBag from /opt/airflow/dags/movie_data_pipeline_dag.py
[2025-06-30T03:37:58.935+0000] {processor.py:840} INFO - DAG(s) 'movie_data_pipeline' retrieved from /opt/airflow/dags/movie_data_pipeline_dag.py
[2025-06-30T03:37:58.961+0000] {logging_mixin.py:188} INFO - [2025-06-30T03:37:58.960+0000] {dag.py:3096} INFO - Sync 1 DAGs
[2025-06-30T03:37:58.979+0000] {logging_mixin.py:188} INFO - [2025-06-30T03:37:58.979+0000] {dag.py:3954} INFO - Setting next_dagrun for movie_data_pipeline to 2025-06-30 02:00:00+00:00, run_after=2025-07-01 02:00:00+00:00
[2025-06-30T03:37:58.994+0000] {processor.py:183} INFO - Processing /opt/airflow/dags/movie_data_pipeline_dag.py took 0.304 seconds
[2025-06-30T03:38:29.271+0000] {processor.py:161} INFO - Started process (PID=825) to work on /opt/airflow/dags/movie_data_pipeline_dag.py
[2025-06-30T03:38:29.273+0000] {processor.py:830} INFO - Processing file /opt/airflow/dags/movie_data_pipeline_dag.py for tasks to queue
[2025-06-30T03:38:29.274+0000] {logging_mixin.py:188} INFO - [2025-06-30T03:38:29.274+0000] {dagbag.py:545} INFO - Filling up the DagBag from /opt/airflow/dags/movie_data_pipeline_dag.py
[2025-06-30T03:38:29.487+0000] {processor.py:840} INFO - DAG(s) 'movie_data_pipeline' retrieved from /opt/airflow/dags/movie_data_pipeline_dag.py
[2025-06-30T03:38:29.513+0000] {logging_mixin.py:188} INFO - [2025-06-30T03:38:29.513+0000] {dag.py:3096} INFO - Sync 1 DAGs
[2025-06-30T03:38:29.533+0000] {logging_mixin.py:188} INFO - [2025-06-30T03:38:29.533+0000] {dag.py:3954} INFO - Setting next_dagrun for movie_data_pipeline to 2025-06-30 02:00:00+00:00, run_after=2025-07-01 02:00:00+00:00
[2025-06-30T03:38:29.555+0000] {processor.py:183} INFO - Processing /opt/airflow/dags/movie_data_pipeline_dag.py took 0.289 seconds
[2025-06-30T03:38:59.796+0000] {processor.py:161} INFO - Started process (PID=849) to work on /opt/airflow/dags/movie_data_pipeline_dag.py
[2025-06-30T03:38:59.798+0000] {processor.py:830} INFO - Processing file /opt/airflow/dags/movie_data_pipeline_dag.py for tasks to queue
[2025-06-30T03:38:59.799+0000] {logging_mixin.py:188} INFO - [2025-06-30T03:38:59.799+0000] {dagbag.py:545} INFO - Filling up the DagBag from /opt/airflow/dags/movie_data_pipeline_dag.py
[2025-06-30T03:39:00.034+0000] {processor.py:840} INFO - DAG(s) 'movie_data_pipeline' retrieved from /opt/airflow/dags/movie_data_pipeline_dag.py
[2025-06-30T03:39:00.058+0000] {logging_mixin.py:188} INFO - [2025-06-30T03:39:00.058+0000] {dag.py:3096} INFO - Sync 1 DAGs
[2025-06-30T03:39:00.080+0000] {logging_mixin.py:188} INFO - [2025-06-30T03:39:00.080+0000] {dag.py:3954} INFO - Setting next_dagrun for movie_data_pipeline to 2025-06-30 02:00:00+00:00, run_after=2025-07-01 02:00:00+00:00
[2025-06-30T03:39:00.099+0000] {processor.py:183} INFO - Processing /opt/airflow/dags/movie_data_pipeline_dag.py took 0.309 seconds
[2025-06-30T03:39:30.337+0000] {processor.py:161} INFO - Started process (PID=873) to work on /opt/airflow/dags/movie_data_pipeline_dag.py
[2025-06-30T03:39:30.339+0000] {processor.py:830} INFO - Processing file /opt/airflow/dags/movie_data_pipeline_dag.py for tasks to queue
[2025-06-30T03:39:30.341+0000] {logging_mixin.py:188} INFO - [2025-06-30T03:39:30.341+0000] {dagbag.py:545} INFO - Filling up the DagBag from /opt/airflow/dags/movie_data_pipeline_dag.py
[2025-06-30T03:39:30.589+0000] {processor.py:840} INFO - DAG(s) 'movie_data_pipeline' retrieved from /opt/airflow/dags/movie_data_pipeline_dag.py
[2025-06-30T03:39:30.614+0000] {logging_mixin.py:188} INFO - [2025-06-30T03:39:30.613+0000] {dag.py:3096} INFO - Sync 1 DAGs
[2025-06-30T03:39:30.631+0000] {logging_mixin.py:188} INFO - [2025-06-30T03:39:30.631+0000] {dag.py:3954} INFO - Setting next_dagrun for movie_data_pipeline to 2025-06-30 02:00:00+00:00, run_after=2025-07-01 02:00:00+00:00
[2025-06-30T03:39:30.647+0000] {processor.py:183} INFO - Processing /opt/airflow/dags/movie_data_pipeline_dag.py took 0.315 seconds
[2025-06-30T03:40:00.952+0000] {processor.py:161} INFO - Started process (PID=891) to work on /opt/airflow/dags/movie_data_pipeline_dag.py
[2025-06-30T03:40:00.955+0000] {processor.py:830} INFO - Processing file /opt/airflow/dags/movie_data_pipeline_dag.py for tasks to queue
[2025-06-30T03:40:00.956+0000] {logging_mixin.py:188} INFO - [2025-06-30T03:40:00.956+0000] {dagbag.py:545} INFO - Filling up the DagBag from /opt/airflow/dags/movie_data_pipeline_dag.py
[2025-06-30T03:40:01.192+0000] {processor.py:840} INFO - DAG(s) 'movie_data_pipeline' retrieved from /opt/airflow/dags/movie_data_pipeline_dag.py
[2025-06-30T03:40:01.214+0000] {logging_mixin.py:188} INFO - [2025-06-30T03:40:01.214+0000] {dag.py:3096} INFO - Sync 1 DAGs
[2025-06-30T03:40:01.232+0000] {logging_mixin.py:188} INFO - [2025-06-30T03:40:01.232+0000] {dag.py:3954} INFO - Setting next_dagrun for movie_data_pipeline to 2025-06-30 02:00:00+00:00, run_after=2025-07-01 02:00:00+00:00
[2025-06-30T03:40:01.251+0000] {processor.py:183} INFO - Processing /opt/airflow/dags/movie_data_pipeline_dag.py took 0.305 seconds
[2025-06-30T03:40:31.542+0000] {processor.py:161} INFO - Started process (PID=915) to work on /opt/airflow/dags/movie_data_pipeline_dag.py
[2025-06-30T03:40:31.544+0000] {processor.py:830} INFO - Processing file /opt/airflow/dags/movie_data_pipeline_dag.py for tasks to queue
[2025-06-30T03:40:31.546+0000] {logging_mixin.py:188} INFO - [2025-06-30T03:40:31.546+0000] {dagbag.py:545} INFO - Filling up the DagBag from /opt/airflow/dags/movie_data_pipeline_dag.py
[2025-06-30T03:40:31.764+0000] {processor.py:840} INFO - DAG(s) 'movie_data_pipeline' retrieved from /opt/airflow/dags/movie_data_pipeline_dag.py
[2025-06-30T03:40:31.786+0000] {logging_mixin.py:188} INFO - [2025-06-30T03:40:31.786+0000] {dag.py:3096} INFO - Sync 1 DAGs
[2025-06-30T03:40:31.804+0000] {logging_mixin.py:188} INFO - [2025-06-30T03:40:31.804+0000] {dag.py:3954} INFO - Setting next_dagrun for movie_data_pipeline to 2025-06-30 02:00:00+00:00, run_after=2025-07-01 02:00:00+00:00
[2025-06-30T03:40:31.826+0000] {processor.py:183} INFO - Processing /opt/airflow/dags/movie_data_pipeline_dag.py took 0.290 seconds
[2025-06-30T03:41:02.087+0000] {processor.py:161} INFO - Started process (PID=933) to work on /opt/airflow/dags/movie_data_pipeline_dag.py
[2025-06-30T03:41:02.089+0000] {processor.py:830} INFO - Processing file /opt/airflow/dags/movie_data_pipeline_dag.py for tasks to queue
[2025-06-30T03:41:02.091+0000] {logging_mixin.py:188} INFO - [2025-06-30T03:41:02.090+0000] {dagbag.py:545} INFO - Filling up the DagBag from /opt/airflow/dags/movie_data_pipeline_dag.py
[2025-06-30T03:41:02.325+0000] {processor.py:840} INFO - DAG(s) 'movie_data_pipeline' retrieved from /opt/airflow/dags/movie_data_pipeline_dag.py
[2025-06-30T03:41:02.348+0000] {logging_mixin.py:188} INFO - [2025-06-30T03:41:02.347+0000] {dag.py:3096} INFO - Sync 1 DAGs
[2025-06-30T03:41:02.367+0000] {logging_mixin.py:188} INFO - [2025-06-30T03:41:02.366+0000] {dag.py:3954} INFO - Setting next_dagrun for movie_data_pipeline to 2025-06-30 02:00:00+00:00, run_after=2025-07-01 02:00:00+00:00
[2025-06-30T03:41:02.386+0000] {processor.py:183} INFO - Processing /opt/airflow/dags/movie_data_pipeline_dag.py took 0.305 seconds
[2025-06-30T03:41:32.644+0000] {processor.py:161} INFO - Started process (PID=957) to work on /opt/airflow/dags/movie_data_pipeline_dag.py
[2025-06-30T03:41:32.646+0000] {processor.py:830} INFO - Processing file /opt/airflow/dags/movie_data_pipeline_dag.py for tasks to queue
[2025-06-30T03:41:32.648+0000] {logging_mixin.py:188} INFO - [2025-06-30T03:41:32.647+0000] {dagbag.py:545} INFO - Filling up the DagBag from /opt/airflow/dags/movie_data_pipeline_dag.py
[2025-06-30T03:41:32.902+0000] {processor.py:840} INFO - DAG(s) 'movie_data_pipeline' retrieved from /opt/airflow/dags/movie_data_pipeline_dag.py
[2025-06-30T03:41:32.925+0000] {logging_mixin.py:188} INFO - [2025-06-30T03:41:32.925+0000] {dag.py:3096} INFO - Sync 1 DAGs
[2025-06-30T03:41:32.942+0000] {logging_mixin.py:188} INFO - [2025-06-30T03:41:32.941+0000] {dag.py:3954} INFO - Setting next_dagrun for movie_data_pipeline to 2025-06-30 02:00:00+00:00, run_after=2025-07-01 02:00:00+00:00
[2025-06-30T03:41:32.958+0000] {processor.py:183} INFO - Processing /opt/airflow/dags/movie_data_pipeline_dag.py took 0.319 seconds
[2025-06-30T03:42:03.242+0000] {processor.py:161} INFO - Started process (PID=975) to work on /opt/airflow/dags/movie_data_pipeline_dag.py
[2025-06-30T03:42:03.244+0000] {processor.py:830} INFO - Processing file /opt/airflow/dags/movie_data_pipeline_dag.py for tasks to queue
[2025-06-30T03:42:03.246+0000] {logging_mixin.py:188} INFO - [2025-06-30T03:42:03.246+0000] {dagbag.py:545} INFO - Filling up the DagBag from /opt/airflow/dags/movie_data_pipeline_dag.py
[2025-06-30T03:42:03.466+0000] {processor.py:840} INFO - DAG(s) 'movie_data_pipeline' retrieved from /opt/airflow/dags/movie_data_pipeline_dag.py
[2025-06-30T03:42:03.493+0000] {logging_mixin.py:188} INFO - [2025-06-30T03:42:03.492+0000] {dag.py:3096} INFO - Sync 1 DAGs
[2025-06-30T03:42:03.509+0000] {logging_mixin.py:188} INFO - [2025-06-30T03:42:03.509+0000] {dag.py:3954} INFO - Setting next_dagrun for movie_data_pipeline to 2025-06-30 02:00:00+00:00, run_after=2025-07-01 02:00:00+00:00
[2025-06-30T03:42:03.524+0000] {processor.py:183} INFO - Processing /opt/airflow/dags/movie_data_pipeline_dag.py took 0.287 seconds
[2025-06-30T03:42:33.835+0000] {processor.py:161} INFO - Started process (PID=999) to work on /opt/airflow/dags/movie_data_pipeline_dag.py
[2025-06-30T03:42:33.837+0000] {processor.py:830} INFO - Processing file /opt/airflow/dags/movie_data_pipeline_dag.py for tasks to queue
[2025-06-30T03:42:33.838+0000] {logging_mixin.py:188} INFO - [2025-06-30T03:42:33.838+0000] {dagbag.py:545} INFO - Filling up the DagBag from /opt/airflow/dags/movie_data_pipeline_dag.py
[2025-06-30T03:42:34.057+0000] {processor.py:840} INFO - DAG(s) 'movie_data_pipeline' retrieved from /opt/airflow/dags/movie_data_pipeline_dag.py
[2025-06-30T03:42:34.080+0000] {logging_mixin.py:188} INFO - [2025-06-30T03:42:34.080+0000] {dag.py:3096} INFO - Sync 1 DAGs
[2025-06-30T03:42:34.097+0000] {logging_mixin.py:188} INFO - [2025-06-30T03:42:34.097+0000] {dag.py:3954} INFO - Setting next_dagrun for movie_data_pipeline to 2025-06-30 02:00:00+00:00, run_after=2025-07-01 02:00:00+00:00
[2025-06-30T03:42:34.114+0000] {processor.py:183} INFO - Processing /opt/airflow/dags/movie_data_pipeline_dag.py took 0.285 seconds
[2025-06-30T03:43:04.388+0000] {processor.py:161} INFO - Started process (PID=1018) to work on /opt/airflow/dags/movie_data_pipeline_dag.py
[2025-06-30T03:43:04.390+0000] {processor.py:830} INFO - Processing file /opt/airflow/dags/movie_data_pipeline_dag.py for tasks to queue
[2025-06-30T03:43:04.391+0000] {logging_mixin.py:188} INFO - [2025-06-30T03:43:04.391+0000] {dagbag.py:545} INFO - Filling up the DagBag from /opt/airflow/dags/movie_data_pipeline_dag.py
[2025-06-30T03:43:04.623+0000] {processor.py:840} INFO - DAG(s) 'movie_data_pipeline' retrieved from /opt/airflow/dags/movie_data_pipeline_dag.py
[2025-06-30T03:43:04.645+0000] {logging_mixin.py:188} INFO - [2025-06-30T03:43:04.645+0000] {dag.py:3096} INFO - Sync 1 DAGs
[2025-06-30T03:43:04.662+0000] {logging_mixin.py:188} INFO - [2025-06-30T03:43:04.661+0000] {dag.py:3954} INFO - Setting next_dagrun for movie_data_pipeline to 2025-06-30 02:00:00+00:00, run_after=2025-07-01 02:00:00+00:00
[2025-06-30T03:43:04.676+0000] {processor.py:183} INFO - Processing /opt/airflow/dags/movie_data_pipeline_dag.py took 0.293 seconds
[2025-06-30T03:43:34.952+0000] {processor.py:161} INFO - Started process (PID=1042) to work on /opt/airflow/dags/movie_data_pipeline_dag.py
[2025-06-30T03:43:34.954+0000] {processor.py:830} INFO - Processing file /opt/airflow/dags/movie_data_pipeline_dag.py for tasks to queue
[2025-06-30T03:43:34.955+0000] {logging_mixin.py:188} INFO - [2025-06-30T03:43:34.955+0000] {dagbag.py:545} INFO - Filling up the DagBag from /opt/airflow/dags/movie_data_pipeline_dag.py
[2025-06-30T03:43:35.323+0000] {processor.py:840} INFO - DAG(s) 'movie_data_pipeline' retrieved from /opt/airflow/dags/movie_data_pipeline_dag.py
[2025-06-30T03:43:35.346+0000] {logging_mixin.py:188} INFO - [2025-06-30T03:43:35.345+0000] {dag.py:3096} INFO - Sync 1 DAGs
[2025-06-30T03:43:35.365+0000] {logging_mixin.py:188} INFO - [2025-06-30T03:43:35.364+0000] {dag.py:3954} INFO - Setting next_dagrun for movie_data_pipeline to 2025-06-30 02:00:00+00:00, run_after=2025-07-01 02:00:00+00:00
[2025-06-30T03:43:35.380+0000] {processor.py:183} INFO - Processing /opt/airflow/dags/movie_data_pipeline_dag.py took 0.283 seconds
[2025-06-30T03:44:05.687+0000] {processor.py:161} INFO - Started process (PID=1066) to work on /opt/airflow/dags/movie_data_pipeline_dag.py
[2025-06-30T03:44:05.688+0000] {processor.py:830} INFO - Processing file /opt/airflow/dags/movie_data_pipeline_dag.py for tasks to queue
[2025-06-30T03:44:05.690+0000] {logging_mixin.py:188} INFO - [2025-06-30T03:44:05.690+0000] {dagbag.py:545} INFO - Filling up the DagBag from /opt/airflow/dags/movie_data_pipeline_dag.py
[2025-06-30T03:44:05.923+0000] {processor.py:840} INFO - DAG(s) 'movie_data_pipeline' retrieved from /opt/airflow/dags/movie_data_pipeline_dag.py
[2025-06-30T03:44:05.948+0000] {logging_mixin.py:188} INFO - [2025-06-30T03:44:05.948+0000] {dag.py:3096} INFO - Sync 1 DAGs
[2025-06-30T03:44:05.968+0000] {logging_mixin.py:188} INFO - [2025-06-30T03:44:05.968+0000] {dag.py:3954} INFO - Setting next_dagrun for movie_data_pipeline to 2025-06-30 02:00:00+00:00, run_after=2025-07-01 02:00:00+00:00
[2025-06-30T03:44:05.989+0000] {processor.py:183} INFO - Processing /opt/airflow/dags/movie_data_pipeline_dag.py took 0.310 seconds
