[2025-06-29T11:40:43.931+0000] {local_task_job_runner.py:120} INFO - ::group::Pre task execution logs
[2025-06-29T11:40:43.952+0000] {taskinstance.py:2076} INFO - Dependencies all met for dep_context=non-requeueable deps ti=<TaskInstance: movie_data_pipeline.check_pipeline_status manual__2025-06-29T11:38:20.272670+00:00 [queued]>
[2025-06-29T11:40:43.959+0000] {taskinstance.py:2076} INFO - Dependencies all met for dep_context=requeueable deps ti=<TaskInstance: movie_data_pipeline.check_pipeline_status manual__2025-06-29T11:38:20.272670+00:00 [queued]>
[2025-06-29T11:40:43.959+0000] {taskinstance.py:2306} INFO - Starting attempt 1 of 3
[2025-06-29T11:40:43.968+0000] {taskinstance.py:2330} INFO - Executing <Task(BashOperator): check_pipeline_status> on 2025-06-29 11:38:20.272670+00:00
[2025-06-29T11:40:43.974+0000] {standard_task_runner.py:63} INFO - Started process 296 to run task
[2025-06-29T11:40:43.976+0000] {standard_task_runner.py:90} INFO - Running: ['***', 'tasks', 'run', 'movie_data_pipeline', 'check_pipeline_status', 'manual__2025-06-29T11:38:20.272670+00:00', '--job-id', '9', '--raw', '--subdir', 'DAGS_FOLDER/movie_data_pipeline_dag.py', '--cfg-path', '/tmp/tmpl4tmcxa6']
[2025-06-29T11:40:43.978+0000] {standard_task_runner.py:91} INFO - Job 9: Subtask check_pipeline_status
[2025-06-29T11:40:44.013+0000] {task_command.py:426} INFO - Running <TaskInstance: movie_data_pipeline.check_pipeline_status manual__2025-06-29T11:38:20.272670+00:00 [running]> on host f170a500237d
[2025-06-29T11:40:44.081+0000] {taskinstance.py:2648} INFO - Exporting env vars: AIRFLOW_CTX_DAG_OWNER='mlops-team' AIRFLOW_CTX_DAG_ID='movie_data_pipeline' AIRFLOW_CTX_TASK_ID='check_pipeline_status' AIRFLOW_CTX_EXECUTION_DATE='2025-06-29T11:38:20.272670+00:00' AIRFLOW_CTX_TRY_NUMBER='1' AIRFLOW_CTX_DAG_RUN_ID='manual__2025-06-29T11:38:20.272670+00:00'
[2025-06-29T11:40:44.082+0000] {taskinstance.py:430} INFO - ::endgroup::
[2025-06-29T11:40:44.090+0000] {subprocess.py:63} INFO - Tmp dir root location: /tmp
[2025-06-29T11:40:44.090+0000] {subprocess.py:75} INFO - Running command: ['/usr/bin/bash', '-c', '\n    echo "=== Movie Data Pipeline Status ==="\n    echo "Pipeline completed at: $(date)"\n    echo "Checking data directory..."\n    ls -la /opt/***/data/raw/ || echo "Data directory not found"\n    echo "Pipeline execution finished successfully!"\n    ']
[2025-06-29T11:40:44.098+0000] {subprocess.py:86} INFO - Output:
[2025-06-29T11:40:44.099+0000] {subprocess.py:93} INFO - === Movie Data Pipeline Status ===
[2025-06-29T11:40:44.101+0000] {subprocess.py:93} INFO - Pipeline completed at: Sun Jun 29 11:40:44 UTC 2025
[2025-06-29T11:40:44.101+0000] {subprocess.py:93} INFO - Checking data directory...
[2025-06-29T11:40:44.103+0000] {subprocess.py:93} INFO - total 8
[2025-06-29T11:40:44.103+0000] {subprocess.py:93} INFO - drwxrwxr-x 2 default root 4096 Jun 29 11:40 .
[2025-06-29T11:40:44.104+0000] {subprocess.py:93} INFO - drwxrwxr-x 3 default root 4096 Jun 29 09:45 ..
[2025-06-29T11:40:44.104+0000] {subprocess.py:93} INFO - Pipeline execution finished successfully!
[2025-06-29T11:40:44.104+0000] {subprocess.py:97} INFO - Command exited with return code 0
[2025-06-29T11:40:44.104+0000] {taskinstance.py:441} INFO - ::group::Post task execution logs
[2025-06-29T11:40:44.122+0000] {taskinstance.py:1206} INFO - Marking task as SUCCESS. dag_id=movie_data_pipeline, task_id=check_pipeline_status, run_id=manual__2025-06-29T11:38:20.272670+00:00, execution_date=20250629T113820, start_date=20250629T114043, end_date=20250629T114044
[2025-06-29T11:40:44.148+0000] {local_task_job_runner.py:240} INFO - Task exited with return code 0
[2025-06-29T11:40:44.160+0000] {taskinstance.py:3503} INFO - 0 downstream tasks scheduled from follow-on schedule check
[2025-06-29T11:40:44.162+0000] {local_task_job_runner.py:222} INFO - ::endgroup::
