[2025-06-30T03:26:01.429+0000] {local_task_job_runner.py:120} INFO - ::group::Pre task execution logs
[2025-06-30T03:26:01.450+0000] {taskinstance.py:2076} INFO - Dependencies all met for dep_context=non-requeueable deps ti=<TaskInstance: movie_data_pipeline.process_and_store_movies scheduled__2025-06-29T02:00:00+00:00 [queued]>
[2025-06-30T03:26:01.457+0000] {taskinstance.py:2076} INFO - Dependencies all met for dep_context=requeueable deps ti=<TaskInstance: movie_data_pipeline.process_and_store_movies scheduled__2025-06-29T02:00:00+00:00 [queued]>
[2025-06-30T03:26:01.457+0000] {taskinstance.py:2306} INFO - Starting attempt 1 of 3
[2025-06-30T03:26:01.467+0000] {taskinstance.py:2330} INFO - Executing <Task(PythonOperator): process_and_store_movies> on 2025-06-29 02:00:00+00:00
[2025-06-30T03:26:01.470+0000] {standard_task_runner.py:63} INFO - Started process 300 to run task
[2025-06-30T03:26:01.472+0000] {standard_task_runner.py:90} INFO - Running: ['***', 'tasks', 'run', 'movie_data_pipeline', 'process_and_store_movies', 'scheduled__2025-06-29T02:00:00+00:00', '--job-id', '12', '--raw', '--subdir', 'DAGS_FOLDER/movie_data_pipeline_dag.py', '--cfg-path', '/tmp/tmp7rpyrh4e']
[2025-06-30T03:26:01.474+0000] {standard_task_runner.py:91} INFO - Job 12: Subtask process_and_store_movies
[2025-06-30T03:26:01.511+0000] {task_command.py:426} INFO - Running <TaskInstance: movie_data_pipeline.process_and_store_movies scheduled__2025-06-29T02:00:00+00:00 [running]> on host c3dc07875cb2
[2025-06-30T03:26:01.566+0000] {taskinstance.py:2648} INFO - Exporting env vars: AIRFLOW_CTX_DAG_OWNER='mlops-team' AIRFLOW_CTX_DAG_ID='movie_data_pipeline' AIRFLOW_CTX_TASK_ID='process_and_store_movies' AIRFLOW_CTX_EXECUTION_DATE='2025-06-29T02:00:00+00:00' AIRFLOW_CTX_TRY_NUMBER='1' AIRFLOW_CTX_DAG_RUN_ID='scheduled__2025-06-29T02:00:00+00:00'
[2025-06-30T03:26:01.567+0000] {taskinstance.py:430} INFO - ::endgroup::
[2025-06-30T03:26:01.574+0000] {airflow_process_movies.py:21} INFO - Kết nối database thành công.
[2025-06-30T03:26:02.492+0000] {airflow_process_movies.py:64} INFO - Bảng 'movies' đã tồn tại.
[2025-06-30T03:26:02.513+0000] {airflow_process_movies.py:78} INFO - Đã đọc thành công 100 records từ data/raw/recent_movies.json
[2025-06-30T03:26:02.938+0000] {airflow_process_movies.py:118} INFO - Tìm thấy 3 phim mới cần chèn vào database.
[2025-06-30T03:26:03.129+0000] {airflow_process_movies.py:122} INFO - Đã chèn thành công 3 phim mới vào database.
[2025-06-30T03:26:03.323+0000] {airflow_process_movies.py:139} INFO - Đã xóa file tạm: data/raw/recent_movies.json
[2025-06-30T03:26:03.323+0000] {airflow_process_movies.py:177} INFO - Task 2 hoàn thành: Đã thêm 3 phim mới. Tổng số phim trong database: 5634
[2025-06-30T03:26:03.324+0000] {python.py:237} INFO - Done. Returned value was: None
[2025-06-30T03:26:03.325+0000] {taskinstance.py:441} INFO - ::group::Post task execution logs
[2025-06-30T03:26:03.333+0000] {taskinstance.py:1206} INFO - Marking task as SUCCESS. dag_id=movie_data_pipeline, task_id=process_and_store_movies, run_id=scheduled__2025-06-29T02:00:00+00:00, execution_date=20250629T020000, start_date=20250630T032601, end_date=20250630T032603
[2025-06-30T03:26:03.363+0000] {local_task_job_runner.py:240} INFO - Task exited with return code 0
[2025-06-30T03:26:03.377+0000] {taskinstance.py:3503} INFO - 1 downstream tasks scheduled from follow-on schedule check
[2025-06-30T03:26:03.378+0000] {local_task_job_runner.py:222} INFO - ::endgroup::
